[debug] [2025-01-03T02:48:04.867Z] ----------------------------------------------------------------------
[debug] [2025-01-03T02:48:04.869Z] Command:       C:\Program Files\nodejs\node.exe C:\Program Files\nodejs\node_modules\firebase-tools\lib\bin\firebase.js init
[debug] [2025-01-03T02:48:04.869Z] CLI Version:   13.29.1
[debug] [2025-01-03T02:48:04.869Z] Platform:      win32
[debug] [2025-01-03T02:48:04.870Z] Node Version:  v18.20.5
[debug] [2025-01-03T02:48:04.870Z] Time:          Thu Jan 02 2025 20:48:04 GMT-0600 (hora estándar central)
[debug] [2025-01-03T02:48:04.870Z] ----------------------------------------------------------------------
[debug] 
[debug] [2025-01-03T02:48:04.872Z] >>> [apiv2][query] GET https://firebase-public.firebaseio.com/cli.json [none]
[debug] [2025-01-03T02:48:04.901Z] > command requires scopes: ["email","openid","https://www.googleapis.com/auth/cloudplatformprojects.readonly","https://www.googleapis.com/auth/firebase","https://www.googleapis.com/auth/cloud-platform"]
[debug] [2025-01-03T02:48:04.901Z] > authorizing via signed-in user (angelonesto6@gmail.com)
[info] 
     ######## #### ########  ######## ########     ###     ######  ########
     ##        ##  ##     ## ##       ##     ##  ##   ##  ##       ##
     ######    ##  ########  ######   ########  #########  ######  ######
     ##        ##  ##    ##  ##       ##     ## ##     ##       ## ##
     ##       #### ##     ## ######## ########  ##     ##  ######  ########

You're about to initialize a Firebase project in this directory:

  C:\NEGOCIOS\CRIV\Newpage\crecibv

Before we get started, keep in mind:

  * You are currently outside your home directory

[debug] [2025-01-03T02:48:05.070Z] <<< [apiv2][status] GET https://firebase-public.firebaseio.com/cli.json 200
[debug] [2025-01-03T02:48:05.071Z] <<< [apiv2][body] GET https://firebase-public.firebaseio.com/cli.json {"cloudBuildErrorAfter":1594252800000,"cloudBuildWarnAfter":1590019200000,"defaultNode10After":1594252800000,"minVersion":"3.0.5","node8DeploysDisabledAfter":1613390400000,"node8RuntimeDisabledAfter":1615809600000,"node8WarnAfter":1600128000000}
